
Showing logs for build [32mjenkins-ecx-space-environment-c-xl9jz-1[0m stage [32mfrom-build-pack[0m and container [32mcredential-initializer[0m
{"level":"info","ts":1600868623.8111773,"caller":"creds-init/main.go:44","msg":"Credentials initialized."}

Showing logs for build [32mjenkins-ecx-space-environment-c-xl9jz-1[0m stage [32mfrom-build-pack[0m and container [32mworking-dir-initializer[0m

Showing logs for build [32mjenkins-ecx-space-environment-c-xl9jz-1[0m stage [32mfrom-build-pack[0m and container [32mplace-tools[0m

Showing logs for build [32mjenkins-ecx-space-environment-c-xl9jz-1[0m stage [32mfrom-build-pack[0m and container [32mstep-git-source-jenkins-ecx-space-environment-c-xl9jz-kcdcp[0m
{"level":"info","ts":1600868659.328867,"caller":"git/git.go:105","msg":"Successfully cloned https://github.com/jenkins-ecx-space/environment-cluster-1-staging.git @ master in path /workspace/source"}
{"level":"warn","ts":1600868659.329251,"caller":"git/git.go:152","msg":"Unexpected error: creating symlink: symlink /tekton/home/.ssh /root/.ssh: file exists"}
{"level":"info","ts":1600868659.4271793,"caller":"git/git.go:133","msg":"Successfully initialized and updated submodules in path /workspace/source"}

Showing logs for build [32mjenkins-ecx-space-environment-c-xl9jz-1[0m stage [32mfrom-build-pack[0m and container [32mstep-setup-builder-home[0m

Showing logs for build [32mjenkins-ecx-space-environment-c-xl9jz-1[0m stage [32mfrom-build-pack[0m and container [32mstep-git-merge[0m
Using SHAs from PULL_REFS=master:5fdaff5be9c0ff0f2e1c1c15334fb6649ec77597,1:912716a14f4a859f5e94f461434ef062f23b8680
DEBUG: LC_ALL=C JX_LOG_LEVEL=error git fetch origin --unshallow 912716a14f4a859f5e94f461434ef062f23b8680: 5fdaff5be9c0ff0f2e1c1c15334fb6649ec77597:
DEBUG: ran git fetch --unshallow origin 912716a14f4a859f5e94f461434ef062f23b8680: 5fdaff5be9c0ff0f2e1c1c15334fb6649ec77597: in 
DEBUG: LC_ALL=C JX_LOG_LEVEL=error git branch
DEBUG: LC_ALL=C JX_LOG_LEVEL=error git checkout master
DEBUG: ran git checkout master in 
DEBUG: LC_ALL=C JX_LOG_LEVEL=error git reset --hard 5fdaff5be9c0ff0f2e1c1c15334fb6649ec77597
DEBUG: ran git reset --hard 5fdaff5be9c0ff0f2e1c1c15334fb6649ec77597 in 
DEBUG: LC_ALL=C JX_LOG_LEVEL=error git clean -fd .
DEBUG: ran clean --force -d . in 
DEBUG: LC_ALL=C JX_LOG_LEVEL=error git merge 912716a14f4a859f5e94f461434ef062f23b8680
DEBUG: ran git merge 912716a14f4a859f5e94f461434ef062f23b8680 in 
DEBUG: LC_ALL=C JX_LOG_LEVEL=error git log --format=%H%x1f%an%x1f%ae%x1f%cn%x1f%ce%x1f%s%n%b%x1e 5fdaff5be9c0ff0f2e1c1c15334fb6649ec77597..HEAD
Merged SHA 912716a14f4a859f5e94f461434ef062f23b8680 with commit message 'chore: Promote **-tutorial to version 0.0.1' into base branch master

Showing logs for build [32mjenkins-ecx-space-environment-c-xl9jz-1[0m stage [32mfrom-build-pack[0m and container [32mstep-build-helm-build[0m
WARNING: No $CHART_REPOSITORY defined so using the default value of: http://jenkins-x-chartmuseum:8080
Adding missing Helm repo: storage.googleapis.com https://storage.googleapis.com/chartmuseum.jenkins-x.io
Successfully added Helm repository storage.googleapis.com.
Adding missing Helm repo: jenkins-x-chartmuseum http://jenkins-x-chartmuseum:8080
Successfully added Helm repository jenkins-x-chartmuseum.
WARNING: No $CHART_REPOSITORY defined so using the default value of: http://jenkins-x-chartmuseum:8080
Adding missing Helm repo: chartmuseum.jenkins-x.io http://chartmuseum.jenkins-x.io
Successfully added Helm repository chartmuseum.jenkins-x.io.
